Microsoft HTML Help Compiler 4.74.8702

Compiling d:\Tria\Projekte-XE2\Tria-Projekt\Object\Tria.chm

HHC4002: Warning: The alias "IDH_SerWrtg" is defined more then once. Only the first alias will be used.
html\Hlp0100.htm
html\Hlp0300.htm
html\Hlp0500.htm
html\Hlp0510.htm
html\Hlp0520.htm
html\Hlp0530.htm
html\Hlp0540.htm
html\Hlp0600.htm
html\Hlp0610.htm
html\Hlp0620.htm
html\Hlp0700.htm
html\Hlp0701.htm
html\Hlp0710.htm
html\Hlp0720.htm
html\Hlp0730.htm
html\Hlp0740.htm
html\Hlp0750.htm
html\Hlp0800.htm
html\Hlp0810.htm
html\Hlp0820.htm
html\Hlp0900.htm
html\Hlp1000.htm
html\Hlp1010.htm
html\Hlp1020.htm
html\Hlp1030.htm
html\Hlp1100.htm
html\Hlp1200.htm
html\Hlp1210.htm
html\Hlp1211.htm
html\Hlp1212.htm
html\Hlp1220.htm
html\Hlp1230.htm
html\Hlp1300.htm
html\Hlp0760.htm
html\Hlp1015.htm
html\Hlp1400.htm
html\Hlp0715.htm
html\Hlp0550.htm
html\Hlp0560.htm
html\Hlp0630.htm
html\Hlp0770.htm
html\Hlp0830.htm
html\Hlp1500.htm
html\Hlp1600.htm
html\Hlp0712.htm
html\Hlp0200.htm
html\Hlp1019.htm
html\Hlp1700.htm
Tria.hhc
Tria.hhk
html\img\trishot.gif
html\img\vstort.gif
html\img\next_pas.gif
html\img\wettk1.gif
html\img\wettk3.gif
html\img\wettk2.gif
html\img\wettk4.gif
html\img\sgrp1.gif
html\img\sgrp2.gif
html\img\smld.gif
html\img\anm.gif
html\img\bearb1.gif
html\img\bearb2.gif
html\img\bearb3.gif
html\img\bearb3a.gif
html\img\bearb4.gif
html\img\zeit1.gif
html\img\zeit2.gif
html\img\zeit4.gif
html\img\druck.gif
html\img\serdrurk.gif
html\img\wordurk3.gif
html\img\opt1.gif
html\img\opt2.gif
html\img\opt3.gif
html\img\opt4.gif
html\img\opt5.gif
html\img\imp00.gif
html\img\imp1.gif
html\img\imp2.gif
html\img\imp3.gif
html\img\imp10.gif
html\img\imp20.gif
html\img\klassen.gif
html\img\bearb5.gif
html\img\exp.gif
html\img\serwrtg.gif
html\img\bearb0.gif
html\img\wettk5a.gif
html\img\wettk5b.gif
html\img\wettk6.gif
html\img\bearb6.gif
html\img\zeit3.gif
html\img\eintlg.gif
html\img\eintloesch.gif
html\img\anm2.gif
html\img\wordurk1.gif
html\img\wordurk2.gif
html\img\rfid.gif
html\TriaHilfe.css

Compile time: 0 minutes, 3 seconds
50	Topics
214	Local links
16	Internet links
49	Graphics


Created d:\Tria\Projekte-XE2\Tria-Projekt\Object\Tria.chm, 1,479,733 bytes
Compression decreased file by 80,097 bytes.
